2025-06-10 22:34:18,391 - __main__ - INFO - Starting OMR Checker API
2025-06-10 22:34:33,127 - __main__ - INFO - Starting OMR Checker API
2025-06-10 22:34:33,173 - werkzeug - INFO - [31m[1mWARNING: This is a development server. Do not use it in a production deployment. Use a production WSGI server instead.[0m
 * Running on all addresses (0.0.0.0)
 * Running on http://127.0.0.1:3001
 * Running on http://192.168.31.15:3001
2025-06-10 22:34:33,173 - werkzeug - INFO - [33mPress CTRL+C to quit[0m
2025-06-10 22:34:33,174 - werkzeug - INFO -  * Restarting with stat
2025-06-10 22:34:33,465 - __main__ - INFO - Starting OMR Checker API
2025-06-10 22:34:33,495 - werkzeug - WARNING -  * Debugger is active!
2025-06-10 22:34:33,501 - werkzeug - INFO -  * Debugger PIN: 909-443-284
2025-06-10 22:34:55,511 - __main__ - INFO - Received new /process request
2025-06-10 22:34:55,511 - __main__ - INFO - Starting OMR processing request
2025-06-10 22:34:55,512 - __main__ - INFO - Created request directory: /Users/siva.korni/Documents/projects-fr/OMRChecker/inputs/request_20250610_223455
2025-06-10 22:34:55,512 - __main__ - INFO - Starting file downloads...
2025-06-10 22:34:55,512 - __main__ - INFO - Downloading file from https://www.dropbox.com/scl/fi/2mvbj1pz4lqy8jikmci2t/template.json?rlkey=dfuhssc4qn50zze1u24y6otst&st=p4e6bbi1&dl=1 to /Users/siva.korni/Documents/projects-fr/OMRChecker/inputs/request_20250610_223455/template.json
2025-06-10 22:34:58,486 - __main__ - INFO - Successfully downloaded https://www.dropbox.com/scl/fi/2mvbj1pz4lqy8jikmci2t/template.json?rlkey=dfuhssc4qn50zze1u24y6otst&st=p4e6bbi1&dl=1
2025-06-10 22:34:58,486 - __main__ - INFO - Downloading file from https://www.dropbox.com/scl/fi/jhx8nz1up4ojjvhkmwlyb/config.json?rlkey=ocypz2s8sz98lwn89f6d66kba&st=be4hlc5p&dl=1 to /Users/siva.korni/Documents/projects-fr/OMRChecker/inputs/request_20250610_223455/config.json
2025-06-10 22:35:01,515 - __main__ - INFO - Successfully downloaded https://www.dropbox.com/scl/fi/jhx8nz1up4ojjvhkmwlyb/config.json?rlkey=ocypz2s8sz98lwn89f6d66kba&st=be4hlc5p&dl=1
2025-06-10 22:35:01,516 - __main__ - INFO - Downloading file from https://www.dropbox.com/scl/fi/vbf28ip1yjgv8mcpgfr5b/omr_marker.jpg?rlkey=ktkcrx6tmqe8tt8bfdww2524m&st=oyjnuneg&dl=0 to /Users/siva.korni/Documents/projects-fr/OMRChecker/inputs/request_20250610_223455/marker.jpg
2025-06-10 22:35:04,120 - __main__ - INFO - Successfully downloaded https://www.dropbox.com/scl/fi/vbf28ip1yjgv8mcpgfr5b/omr_marker.jpg?rlkey=ktkcrx6tmqe8tt8bfdww2524m&st=oyjnuneg&dl=1
2025-06-10 22:35:04,120 - __main__ - INFO - Downloading OMR sheet images...
2025-06-10 22:35:04,120 - __main__ - INFO - Downloading file from https://www.dropbox.com/scl/fi/l81plpqf5giqkqmqdbfwb/sheet1.jpg?rlkey=9yo146btkaixvo16imdyk8q1p&st=h80ba08o&dl=1 to /Users/siva.korni/Documents/projects-fr/OMRChecker/inputs/request_20250610_223455/images/sheet_1.jpg
2025-06-10 22:35:07,710 - __main__ - INFO - Successfully downloaded https://www.dropbox.com/scl/fi/l81plpqf5giqkqmqdbfwb/sheet1.jpg?rlkey=9yo146btkaixvo16imdyk8q1p&st=h80ba08o&dl=1
2025-06-10 22:35:07,710 - __main__ - INFO - Downloading file from https://www.dropbox.com/scl/fi/l81plpqf5giqkqmqdbfwb/sheet1.jpg?rlkey=9yo146btkaixvo16imdyk8q1p&st=h80ba08o&dl=1 to /Users/siva.korni/Documents/projects-fr/OMRChecker/inputs/request_20250610_223455/images/sheet_2.jpg
2025-06-10 22:35:10,688 - __main__ - INFO - Successfully downloaded https://www.dropbox.com/scl/fi/l81plpqf5giqkqmqdbfwb/sheet1.jpg?rlkey=9yo146btkaixvo16imdyk8q1p&st=h80ba08o&dl=1
2025-06-10 22:35:10,689 - __main__ - INFO - Starting OMR processing...
2025-06-10 22:35:10,689 - __main__ - ERROR - Error during OMR processing: name 'Template' is not defined
Traceback (most recent call last):
  File "/Users/siva.korni/Documents/projects-fr/OMRChecker/api.py", line 116, in process_omr
    template = Template(template_path)
NameError: name 'Template' is not defined
2025-06-10 22:35:10,689 - __main__ - INFO - Completed processing for request 20250610_223455
2025-06-10 22:35:10,689 - __main__ - INFO - Request processing completed
2025-06-10 22:35:10,690 - werkzeug - INFO - 127.0.0.1 - - [10/Jun/2025 22:35:10] "POST /process HTTP/1.1" 200 -
2025-06-10 22:35:27,087 - werkzeug - INFO -  * Detected change in '/Users/siva.korni/Documents/projects-fr/OMRChecker/api.py', reloading
2025-06-10 22:35:27,113 - werkzeug - INFO -  * Restarting with stat
